<?xml version='1.0' encoding='UTF-8'?>
<testsuite hostname="DESKTOP-SSN0RN7" name="TaskManagerSpec" tests="2" errors="0" failures="0" skipped="0" time="0.084" timestamp="2022-06-21T12:04:06">
          <properties>
      <property name="jline.esc.timeout" value="0"/><property name="jna.platform.library.path" value="/usr/lib/x86_64-linux-gnu:/lib/x86_64-linux-gnu:/lib64:/usr/lib:/lib:/usr/lib/x86_64-linux-gnu/libfakeroot:/usr/lib/wsl/lib"/><property name="java.runtime.name" value="OpenJDK Runtime Environment"/><property name="sun.boot.library.path" value="/home/vavish/miniconda3/jre/lib/amd64"/><property name="java.vm.version" value="25.312-b07"/><property name="scala.color" value="auto"/><property name="jdk.vendor.version" value="Zulu 8.58.0.13-CA-linux64"/><property name="java.vm.vendor" value="Azul Systems, Inc."/><property name="java.vendor.url" value="http://www.azul.com/"/><property name="path.separator" value=":"/><property name="jna.loaded" value="true"/><property name="java.vm.name" value="OpenJDK 64-Bit Server VM"/><property name="file.encoding.pkg" value="sun.io"/><property name="sun.java.launcher" value="SUN_STANDARD"/><property name="sun.os.patch.level" value="unknown"/><property name="jna.nosys" value="true"/><property name="java.vm.specification.name" value="Java Virtual Machine Specification"/><property name="user.dir" value="/mnt/c/Users/pdcdi/Documents/Scala/tasky"/><property name="java.runtime.version" value="1.8.0_312-b07"/><property name="java.awt.graphicsenv" value="sun.awt.X11GraphicsEnvironment"/><property name="java.endorsed.dirs" value="/home/vavish/miniconda3/jre/lib/endorsed"/><property name="os.arch" value="amd64"/><property name="java.io.tmpdir" value="/tmp"/><property name="line.separator" value="
"/><property name="java.vm.specification.vendor" value="Oracle Corporation"/><property name="log4j.ignoreTCL" value="true"/><property name="os.name" value="Linux"/><property name="sun.jnu.encoding" value="UTF-8"/><property name="jnidispatch.path" value="/home/vavish/.cache/JNA/temp/jna1501099564532477973.tmp"/><property name="java.library.path" value="/usr/java/packages/lib/amd64:/usr/lib64:/lib64:/lib:/usr/lib"/><property name="java.specification.name" value="Java Platform API Specification"/><property name="java.class.version" value="52.0"/><property name="sun.management.compiler" value="HotSpot 64-Bit Tiered Compilers"/><property name="os.version" value="5.10.16.3-microsoft-standard-WSL2"/><property name="swoval.tmpdir" value="/home/vavish/.sbt/1.0"/><property name="user.home" value="/home/vavish"/><property name="user.timezone" value="Asia/Calcutta"/><property name="java.awt.printerjob" value="sun.print.PSPrinterJob"/><property name="file.encoding" value="UTF-8"/><property name="java.specification.version" value="1.8"/><property name="java.class.path" value="/mnt/c/Program Files (x86)/sbt/bin/sbt-launch.jar"/><property name="user.name" value="vavish"/><property name="jline.shutdownhook" value="false"/><property name="java.vm.specification.version" value="1.8"/><property name="sun.java.command" value="/mnt/c/Program Files (x86)/sbt/bin/sbt-launch.jar"/><property name="java.home" value="/home/vavish/miniconda3/jre"/><property name="sun.arch.data.model" value="64"/><property name="user.language" value="en"/><property name="java.specification.vendor" value="Oracle Corporation"/><property name="awt.toolkit" value="sun.awt.X11.XToolkit"/><property name="java.vm.info" value="mixed mode"/><property name="java.version" value="1.8.0_312"/><property name="java.ext.dirs" value="/home/vavish/miniconda3/jre/lib/ext:/usr/java/packages/lib/ext"/><property name="sun.boot.class.path" value="/home/vavish/miniconda3/jre/lib/resources.jar:/home/vavish/miniconda3/jre/lib/rt.jar:/home/vavish/miniconda3/jre/lib/sunrsasign.jar:/home/vavish/miniconda3/jre/lib/jsse.jar:/home/vavish/miniconda3/jre/lib/jce.jar:/home/vavish/miniconda3/jre/lib/charsets.jar:/home/vavish/miniconda3/jre/lib/jfr.jar:/home/vavish/miniconda3/jre/classes"/><property name="java.vendor" value="Azul Systems, Inc."/><property name="file.separator" value="/"/><property name="java.vendor.url.bug" value="http://www.azul.com/support/"/><property name="sun.io.unicode.encoding" value="UnicodeLittle"/><property name="sun.cpu.endian" value="little"/><property name="sbt.script" value="/mnt/c/Program%20Files (x86)/sbt/bin/sbt"/><property name="sun.cpu.isalist" value=""/>
    </properties>
          <testcase classname="TaskManagerSpec" name="An empty tasks list should have 0 tasks due today" time="0.075">
                      
                    </testcase><testcase classname="TaskManagerSpec" name="A task list with one task due today should have 1 task due today" time="0.009">
                      
                    </testcase>
          <system-out><![CDATA[]]></system-out>
          <system-err><![CDATA[]]></system-err>
        </testsuite>